Build started 12/16/2011 12:09:27 AM.
Project "z:\Projects\dava.framework\Projects\Win32Framework\Win32Framework.vcxproj" on node 2 (build target(s)).
InitializeBuildStatus:
  Creating "Debug\Win32Framework.unsuccessfulbuild" because "AlwaysCreate" was specified.
ClCompile:
  C:\Program Files\Microsoft Visual Studio 10.0\VC\bin\CL.exe /c /I./../../Sources/Internal /I./../../Sources/External /I./../../Sources/External/Freetype /I./../../Sources/External/Yaml /I./../../Libs/libpng/include /I./../../Libs/glew/include /I"C:\Program Files\Microsoft DirectX SDK (June 2010)\/include" /I"C:\Program Files\OpenAL 1.1 SDK\include" /I./../../Libs/freetype/include /I"C:\Program Files (x86)\OpenAL 1.1 SDK\include" /ZI /nologo /W3 /WX- /MP /Od /Oy- /D WIN32 /D _DEBUG /D _WINDOWS /D _CRT_SECURE_NO_DEPRECATE /D _CRT_NON_CONFORMING_SWPRINTFS /D DAVA_DEBUG /D _UNICODE /D UNICODE /Gm- /EHsc /RTC1 /MTd /GS /fp:precise /Zc:wchar_t /Zc:forScope /Fo"Debug\\" /Fd"Debug\vc100.pdb" /Gd /TP /analyze- /errorReport:prompt ..\..\Sources\External\Box2D\Collision\b2BroadPhase.cpp ..\..\Sources\External\Box2D\Collision\b2CollideCircle.cpp ..\..\Sources\External\Box2D\Collision\b2CollideEdge.cpp ..\..\Sources\External\Box2D\Collision\b2CollidePolygon.cpp ..\..\Sources\External\Box2D\Collision\b2Collision.cpp ..\..\Sources\External\Box2D\Collision\b2Distance.cpp ..\..\Sources\External\Box2D\Collision\b2DynamicTree.cpp ..\..\Sources\External\Box2D\Collision\b2TimeOfImpact.cpp ..\..\Sources\External\Box2D\Collision\Shapes\b2ChainShape.cpp ..\..\Sources\External\Box2D\Collision\Shapes\b2CircleShape.cpp ..\..\Sources\External\Box2D\Collision\Shapes\b2EdgeShape.cpp ..\..\Sources\External\Box2D\Collision\Shapes\b2PolygonShape.cpp ..\..\Sources\External\Box2D\Common\b2BlockAllocator.cpp ..\..\Sources\External\Box2D\Common\b2Math.cpp ..\..\Sources\External\Box2D\Common\b2Settings.cpp ..\..\Sources\External\Box2D\Common\b2StackAllocator.cpp ..\..\Sources\External\Box2D\Dynamics\b2Body.cpp ..\..\Sources\External\Box2D\Dynamics\b2ContactManager.cpp ..\..\Sources\External\Box2D\Dynamics\b2Fixture.cpp ..\..\Sources\External\Box2D\Dynamics\b2Island.cpp ..\..\Sources\External\Box2D\Dynamics\b2World.cpp ..\..\Sources\External\Box2D\Dynamics\b2WorldCallbacks.cpp ..\..\Sources\External\Box2D\Dynamics\Contacts\b2ChainAndCircleContact.cpp ..\..\Sources\External\Box2D\Dynamics\Contacts\b2ChainAndPolygonContact.cpp ..\..\Sources\External\Box2D\Dynamics\Contacts\b2CircleContact.cpp ..\..\Sources\External\Box2D\Dynamics\Contacts\b2Contact.cpp ..\..\Sources\External\Box2D\Dynamics\Contacts\b2ContactSolver.cpp ..\..\Sources\External\Box2D\Dynamics\Contacts\b2EdgeAndCircleContact.cpp ..\..\Sources\External\Box2D\Dynamics\Contacts\b2EdgeAndPolygonContact.cpp ..\..\Sources\External\Box2D\Dynamics\Contacts\b2PolygonAndCircleContact.cpp ..\..\Sources\External\Box2D\Dynamics\Contacts\b2PolygonContact.cpp ..\..\Sources\External\Box2D\Dynamics\Joints\b2DistanceJoint.cpp ..\..\Sources\External\Box2D\Dynamics\Joints\b2FrictionJoint.cpp ..\..\Sources\External\Box2D\Dynamics\Joints\b2GearJoint.cpp ..\..\Sources\External\Box2D\Dynamics\Joints\b2Joint.cpp ..\..\Sources\External\Box2D\Dynamics\Joints\b2MouseJoint.cpp ..\..\Sources\External\Box2D\Dynamics\Joints\b2PrismaticJoint.cpp ..\..\Sources\External\Box2D\Dynamics\Joints\b2PulleyJoint.cpp ..\..\Sources\External\Box2D\Dynamics\Joints\b2RevoluteJoint.cpp ..\..\Sources\External\Box2D\Dynamics\Joints\b2RopeJoint.cpp ..\..\Sources\External\Box2D\Dynamics\Joints\b2WeldJoint.cpp ..\..\Sources\External\Box2D\Dynamics\Joints\b2WheelJoint.cpp ..\..\Sources\Internal\Base\Data.cpp ..\..\Sources\Internal\DAVAEngine.cpp ..\..\Sources\Internal\Animation\AnimatedObject.cpp ..\..\Sources\Internal\Animation\Animation.cpp ..\..\Sources\Internal\Animation\AnimationManager.cpp ..\..\Sources\Internal\Animation\BezierSplineAnimation.cpp ..\..\Sources\Internal\Animation\Interpolation.cpp ..\..\Sources\Internal\Animation\KeyframeAnimation.cpp ..\..\Sources\Internal\Animation\LinearAnimation.cpp ..\..\Sources\Internal\Base\BaseMath.cpp ..\..\Sources\Internal\Base\BaseObjectChecker.cpp ..\..\Sources\Internal\Base\DynamicObjectCache.cpp ..\..\Sources\Internal\Base\EventDispatcher.cpp ..\..\Sources\Internal\Base\Message.cpp ..\..\Sources\Internal\Base\ObjectFactory.cpp ..\..\Sources\Internal\Collision\CollisionObject2.cpp ..\..\Sources\Internal\Collision\CollisionPolygons.cpp ..\..\Sources\Internal\Collision\Collisions.cpp ..\..\Sources\Internal\Core\ApplicationCore.cpp ..\..\Sources\Internal\Core\Core.cpp ..\..\Sources\Internal\Core\CoreMacOS.cpp ..\..\Sources\Internal\Core\CoreMacOS_CarbonWindow.cpp ..\..\Sources\Internal\Core\CoreMacOS_OpenGL.cpp ..\..\Sources\Internal\Debug\MemoryManager.cpp ..\..\Sources\Internal\Debug\Replay.cpp ..\..\Sources\Internal\FileSystem\Bitstream.cpp ..\..\Sources\Internal\FileSystem\DynamicMemoryFile.cpp ..\..\Sources\Internal\FileSystem\File.cpp ..\..\Sources\Internal\FileSystem\FileList.cpp ..\..\Sources\Internal\FileSystem\FileSystem.cpp ..\..\Sources\Internal\FileSystem\KeyedArchive.cpp ..\..\Sources\Internal\FileSystem\KeyedArchiver.cpp ..\..\Sources\Internal\FileSystem\KeyedUnarchiver.cpp ..\..\Sources\Internal\FileSystem\LocalizationSystem.cpp ..\..\Sources\Internal\FileSystem\Logger.cpp ..\..\Sources\Internal\FileSystem\ResourceArchive.cpp ..\..\Sources\Internal\FileSystem\VariantType.cpp ..\..\Sources\Internal\FileSystem\YamlArchive.cpp ..\..\Sources\Internal\FileSystem\YamlParser.cpp ..\..\Sources\Internal\Input\Accelerometer.cpp ..\..\Sources\Internal\Math\AABBox2.cpp ..\..\Sources\Internal\Math\AABBox3.cpp ..\..\Sources\Internal\Math\BezierSpline.cpp ..\..\Sources\Internal\Math\Math2D.cpp ..\..\Sources\Internal\Math\Matrix4.cpp ..\..\Sources\Internal\Math\Polygon2.cpp ..\..\Sources\Internal\Math\Polygon3.cpp ..\..\Sources\Internal\Math\Spline.cpp ..\..\Sources\Internal\Network\NetworkConnection.cpp ..\..\Sources\Internal\Network\NetworkDelegate.cpp ..\..\Sources\Internal\Network\NetworkPacket.cpp ..\..\Sources\Internal\Particles\Particle.cpp ..\..\Sources\Internal\Particles\ParticleEmitter.cpp ..\..\Sources\Internal\Particles\ParticleEmitterObject.cpp ..\..\Sources\Internal\Particles\ParticleLayer.cpp ..\..\Sources\Internal\Particles\ParticlePropertyLine.cpp ..\..\Sources\Internal\Particles\ParticleSystem.cpp ..\..\Sources\Internal\Platform\Mutex.cpp ..\..\Sources\Internal\Platform\SystemTimer.cpp ..\..\Sources\Internal\Platform\Thread.cpp ..\..\Sources\Internal\Platform\ThreadWin32.cpp ..\..\Sources\Internal\Platform\TemplateMacOS\CorePlatformMacOS.cpp ..\..\Sources\Internal\Platform\TemplateWin32\CorePlatformWin32.cpp ..\..\Sources\Internal\Render\CursorWin32.cpp ..\..\Sources\Internal\Render\D3D9Helpers.cpp ..\..\Sources\Internal\Render\DynamicIndexBuffer.cpp ..\..\Sources\Internal\Render\DynamicVertexBuffer.cpp ..\..\Sources\Internal\Render\Effects\ColorOnlyEffect.cpp ..\..\Sources\Internal\Render\Effects\MultiTextureEffect.cpp ..\..\Sources\Internal\Render\Effects\TextureMulColorAlphaTestEffect.cpp ..\..\Sources\Internal\Render\Effects\TextureMulColorEffect.cpp ..\..\Sources\Internal\Render\Image.cpp ..\..\Sources\Internal\Render\LibPngHelpers.cpp ..\..\Sources\Internal\Render\Material.cpp ..\..\Sources\Internal\Render\RenderBase.cpp ..\..\Sources\Internal\Render\RenderDataObject.cpp ..\..\Sources\Internal\Render\RenderEffect.cpp ..\..\Sources\Internal\Render\RenderGrayscaleEffect.cpp ..\..\Sources\Internal\Render\RenderHelper.cpp ..\..\Sources\Internal\Render\RenderManager.cpp ..\..\Sources\Internal\Render\RenderManagerDX.cpp ..\..\Sources\Internal\Render\RenderManagerFactory.cpp ..\..\Sources\Internal\Render\RenderManagerGL.cpp ..\..\Sources\Internal\Render\RenderManagerGL20.cpp ..\..\Sources\Internal\Render\RenderResource.cpp ..\..\Sources\Internal\Render\RenderStateBlock.cpp ..\..\Sources\Internal\Render\Shader.cpp ..\..\Sources\Internal\Render\ShaderDX.cpp ..\..\Sources\Internal\Render\ShaderGL.cpp ..\..\Sources\Internal\Render\StaticIndexBuffer.cpp ..\..\Sources\Internal\Render\StaticVertexBuffer.cpp ..\..\Sources\Internal\Render\Texture.cpp ..\..\Sources\Internal\Render\TextureDX9.cpp ..\..\Sources\Internal\Render\2D\Font.cpp ..\..\Sources\Internal\Render\2D\FontManager.cpp ..\..\Sources\Internal\Render\2D\FTFont.cpp ..\..\Sources\Internal\Render\2D\GraphicsFont.cpp ..\..\Sources\Internal\Render\2D\Sprite.cpp ..\..\Sources\Internal\Render\2D\TextBlock.cpp ..\..\Sources\Internal\Render\3D\AnimatedMesh.cpp ..\..\Sources\Internal\Render\3D\PolygonGroup.cpp ..\..\Sources\Internal\Render\3D\StaticMesh.cpp ..\..\Sources\Internal\Render\UberShader.cpp ..\..\Sources\Internal\Scene2D\Box2DDebugDraw.cpp ..\..\Sources\Internal\Scene2D\Box2DGameObject.cpp ..\..\Sources\Internal\Scene2D\Box2DGameObjectManager.cpp ..\..\Sources\Internal\Scene2D\Box2DHelper.cpp ..\..\Sources\Internal\Scene2D\Box2DTileCollider.cpp ..\..\Sources\Internal\Scene2D\GameObject.cpp ..\..\Sources\Internal\Scene2D\GameObjectAnimations.cpp ..\..\Sources\Internal\Scene2D\GameObjectManager.cpp ..\..\Sources\Internal\Scene2D\TextGameObject.cpp ..\..\Sources\Internal\Scene3D\BoneNode.cpp ..\..\Sources\Internal\Scene3D\Camera.cpp ..\..\Sources\Internal\Scene3D\Frustum.cpp ..\..\Sources\Internal\Scene3D\LandscapeNode.cpp ..\..\Sources\Internal\Scene3D\MeshInstanceNode.cpp ..\..\Sources\Internal\Scene3D\PathManip.cpp ..\..\Sources\Internal\Scene3D\RotatingCubeNode.cpp ..\..\Sources\Internal\Scene3D\Scene.cpp ..\..\Sources\Internal\Scene3D\SceneAnimationMixer.cpp ..\..\Sources\Internal\Scene3D\SceneFile.cpp ..\..\Sources\Internal\Scene3D\SceneNode.cpp ..\..\Sources\Internal\Scene3D\SceneNode3d.cpp ..\..\Sources\Internal\Scene3D\SceneNodeAnimation.cpp ..\..\Sources\Internal\Scene3D\SceneNodeAnimationKey.cpp ..\..\Sources\Internal\Scene3D\SceneNodeAnimationList.cpp ..\..\Sources\Internal\Scene3D\SkeletonNode.cpp ..\..\Sources\Internal\Scene3D\SpriteNode.cpp ..\..\Sources\Internal\Sound\Sound.cpp ..\..\Sources\Internal\Sound\SoundBuffer.cpp ..\..\Sources\Internal\Sound\SoundChannel.cpp ..\..\Sources\Internal\Sound\SoundDataProvider.cpp ..\..\Sources\Internal\Sound\SoundGroup.cpp ..\..\Sources\Internal\Sound\SoundInstance.cpp ..\..\Sources\Internal\Sound\SoundOVProvider.cpp ..\..\Sources\Internal\Sound\SoundSystem.cpp ..\..\Sources\Internal\Sound\SoundWVProvider.cpp ..\..\Sources\Internal\UI\ScrollHelper.cpp ..\..\Sources\Internal\UI\UI3DView.cpp ..\..\Sources\Internal\UI\UIButton.cpp ..\..\Sources\Internal\UI\UIControl.cpp ..\..\Sources\Internal\UI\UIControlBackground.cpp ..\..\Sources\Internal\UI\UIControlSystem.cpp ..\..\Sources\Internal\UI\UIEvent.cpp ..\..\Sources\Internal\UI\UIFadeTransition.cpp ..\..\Sources\Internal\UI\UIFileSystemDialog.cpp ..\..\Sources\Internal\UI\UIHierarchy.cpp ..\..\Sources\Internal\UI\UIHierarchyCell.cpp ..\..\Sources\Internal\UI\UIHierarchyNode.cpp ..\..\Sources\Internal\UI\UIHoleTransition.cpp ..\..\Sources\Internal\UI\UIJoypad.cpp ..\..\Sources\Internal\UI\UIList.cpp ..\..\Sources\Internal\UI\UIListCell.cpp ..\..\Sources\Internal\UI\UILoadingTransition.cpp ..\..\Sources\Internal\UI\UIMoveInTransition.cpp ..\..\Sources\Internal\UI\UIPopup.cpp ..\..\Sources\Internal\UI\UIScreen.cpp ..\..\Sources\Internal\UI\UIScreenManagerMacOS.cpp ..\..\Sources\Internal\UI\UIScreenTransition.cpp ..\..\Sources\Internal\UI\UIScrollBar.cpp ..\..\Sources\Internal\UI\UISlider.cpp ..\..\Sources\Internal\UI\UIStaticText.cpp ..\..\Sources\Internal\UI\UITextField.cpp ..\..\Sources\Internal\UI\UIYamlLoader.cpp ..\..\Sources\Internal\Utils\MD5.cpp ..\..\Sources\Internal\Utils\StringFormat.cpp ..\..\Sources\Internal\Utils\UTF8Utils.cpp ..\..\Sources\Internal\Utils\Utils.cpp
  b2BroadPhase.cpp
  b2CollideCircle.cpp
  b2CollideEdge.cpp
  b2CollidePolygon.cpp
  b2Collision.cpp
  b2Distance.cpp
  b2DynamicTree.cpp
  b2TimeOfImpact.cpp
  b2ChainShape.cpp
  b2CircleShape.cpp
  b2EdgeShape.cpp
  b2PolygonShape.cpp
  b2BlockAllocator.cpp
  b2Math.cpp
  b2Settings.cpp
  b2StackAllocator.cpp
  b2Body.cpp
  b2ContactManager.cpp
  b2Fixture.cpp
  b2Island.cpp
  Generating Code...
  Compiling...
  b2World.cpp
  b2WorldCallbacks.cpp
  b2ChainAndCircleContact.cpp
  b2ChainAndPolygonContact.cpp
  b2CircleContact.cpp
  b2Contact.cpp
  b2ContactSolver.cpp
  b2EdgeAndCircleContact.cpp
  b2EdgeAndPolygonContact.cpp
  b2PolygonAndCircleContact.cpp
  b2PolygonContact.cpp
  b2DistanceJoint.cpp
  b2FrictionJoint.cpp
  b2GearJoint.cpp
  b2Joint.cpp
  b2MouseJoint.cpp
  b2PrismaticJoint.cpp
  b2PulleyJoint.cpp
  b2RevoluteJoint.cpp
  b2RopeJoint.cpp
  Generating Code...
  Compiling...
  b2WeldJoint.cpp
  b2WheelJoint.cpp
  Data.cpp
  DAVAEngine.cpp
  AnimatedObject.cpp
  Animation.cpp
  AnimationManager.cpp
  BezierSplineAnimation.cpp
  Interpolation.cpp
  KeyframeAnimation.cpp
  LinearAnimation.cpp
  BaseMath.cpp
  BaseObjectChecker.cpp
  DynamicObjectCache.cpp
  EventDispatcher.cpp
  Message.cpp
  ObjectFactory.cpp
  CollisionObject2.cpp
  CollisionPolygons.cpp
  Collisions.cpp
  Generating Code...
  Compiling...
  ApplicationCore.cpp
  Core.cpp
  CoreMacOS.cpp
  CoreMacOS_CarbonWindow.cpp
  CoreMacOS_OpenGL.cpp
  MemoryManager.cpp
  Replay.cpp
  Bitstream.cpp
  DynamicMemoryFile.cpp
  File.cpp
  FileList.cpp
  FileSystem.cpp
  KeyedArchive.cpp
  KeyedArchiver.cpp
  KeyedUnarchiver.cpp
  LocalizationSystem.cpp
  Logger.cpp
  ResourceArchive.cpp
  VariantType.cpp
  YamlArchive.cpp
  Generating Code...
  Compiling...
  YamlParser.cpp
  Accelerometer.cpp
  AABBox2.cpp
  AABBox3.cpp
  BezierSpline.cpp
  Math2D.cpp
  Matrix4.cpp
  Polygon2.cpp
  Polygon3.cpp
  Spline.cpp
  NetworkConnection.cpp
  NetworkDelegate.cpp
  NetworkPacket.cpp
  Particle.cpp
  ParticleEmitter.cpp
  ParticleEmitterObject.cpp
  ParticleLayer.cpp
  ParticlePropertyLine.cpp
  ParticleSystem.cpp
  Mutex.cpp
  Generating Code...
  Compiling...
  SystemTimer.cpp
  Thread.cpp
  ThreadWin32.cpp
  CorePlatformMacOS.cpp
  CorePlatformWin32.cpp
  CursorWin32.cpp
  D3D9Helpers.cpp
  DynamicIndexBuffer.cpp
  DynamicVertexBuffer.cpp
  ColorOnlyEffect.cpp
  MultiTextureEffect.cpp
  TextureMulColorAlphaTestEffect.cpp
  TextureMulColorEffect.cpp
  Image.cpp
  LibPngHelpers.cpp
  Material.cpp
  RenderBase.cpp
  RenderDataObject.cpp
  RenderEffect.cpp
  RenderGrayscaleEffect.cpp
  Generating Code...
  Compiling...
  RenderHelper.cpp
  RenderManager.cpp
  RenderManagerDX.cpp
  RenderManagerFactory.cpp
  RenderManagerGL.cpp
z:\projects\dava.framework\sources\internal\render\rendermanagergl.cpp(382): warning C4805: '!=' : unsafe mix of type 'bool' and type 'int' in operation
z:\projects\dava.framework\sources\internal\render\rendermanagergl.cpp(397): warning C4805: '!=' : unsafe mix of type 'bool' and type 'int' in operation
z:\projects\dava.framework\sources\internal\render\rendermanagergl.cpp(413): warning C4805: '!=' : unsafe mix of type 'bool' and type 'int' in operation
  RenderManagerGL20.cpp
  RenderResource.cpp
  RenderStateBlock.cpp
  Shader.cpp
  ShaderDX.cpp
  ShaderGL.cpp
  StaticIndexBuffer.cpp
  StaticVertexBuffer.cpp
  Texture.cpp
  TextureDX9.cpp
  Font.cpp
  FontManager.cpp
  FTFont.cpp
  GraphicsFont.cpp
  Sprite.cpp
  Generating Code...
  Compiling...
  TextBlock.cpp
  AnimatedMesh.cpp
  PolygonGroup.cpp
  StaticMesh.cpp
  UberShader.cpp
  Box2DDebugDraw.cpp
  Box2DGameObject.cpp
  Box2DGameObjectManager.cpp
  Box2DHelper.cpp
  Box2DTileCollider.cpp
  GameObject.cpp
  GameObjectAnimations.cpp
  GameObjectManager.cpp
  TextGameObject.cpp
  BoneNode.cpp
  Camera.cpp
  Frustum.cpp
  LandscapeNode.cpp
  MeshInstanceNode.cpp
  PathManip.cpp
  Generating Code...
  Compiling...
  RotatingCubeNode.cpp
  Scene.cpp
  SceneAnimationMixer.cpp
  SceneFile.cpp
  SceneNode.cpp
  SceneNode3d.cpp
  SceneNodeAnimation.cpp
  SceneNodeAnimationKey.cpp
  SceneNodeAnimationList.cpp
  SkeletonNode.cpp
  SpriteNode.cpp
  Sound.cpp
  SoundBuffer.cpp
  SoundChannel.cpp
  SoundDataProvider.cpp
  SoundGroup.cpp
  SoundInstance.cpp
  SoundOVProvider.cpp
  SoundSystem.cpp
  SoundWVProvider.cpp
  Generating Code...
  Compiling...
  ScrollHelper.cpp
  UI3DView.cpp
  UIButton.cpp
  UIControl.cpp
  UIControlBackground.cpp
  UIControlSystem.cpp
  UIEvent.cpp
  UIFadeTransition.cpp
  UIFileSystemDialog.cpp
  UIHierarchy.cpp
  UIHierarchyCell.cpp
  UIHierarchyNode.cpp
  UIHoleTransition.cpp
  UIJoypad.cpp
  UIList.cpp
  UIListCell.cpp
  UILoadingTransition.cpp
  UIMoveInTransition.cpp
  UIPopup.cpp
  UIScreen.cpp
  Generating Code...
  Compiling...
  UIScreenManagerMacOS.cpp
  UIScreenTransition.cpp
  UIScrollBar.cpp
  UISlider.cpp
  UIStaticText.cpp
  UITextField.cpp
  UIYamlLoader.cpp
  MD5.cpp
  StringFormat.cpp
  UTF8Utils.cpp
  Utils.cpp
  Generating Code...
  C:\Program Files\Microsoft Visual Studio 10.0\VC\bin\CL.exe /c /I./../../Sources/Internal /I./../../Sources/External /I./../../Sources/External/Freetype /I./../../Sources/External/Yaml /I./../../Libs/libpng/include /I./../../Libs/glew/include /I"C:\Program Files\Microsoft DirectX SDK (June 2010)\/include" /I"C:\Program Files\OpenAL 1.1 SDK\include" /I./../../Libs/freetype/include /I"C:\Program Files (x86)\OpenAL 1.1 SDK\include" /ZI /nologo /W3 /WX- /MP /Od /Oy- /D WIN32 /D _DEBUG /D _WINDOWS /D _CRT_SECURE_NO_DEPRECATE /D _CRT_NON_CONFORMING_SWPRINTFS /D DAVA_DEBUG /D _UNICODE /D UNICODE /Gm- /EHsc /RTC1 /MTd /GS /fp:precise /Zc:wchar_t /Zc:forScope /Fo"Debug\\" /Fd"Debug\vc100.pdb" /Gd /TC /analyze- /errorReport:prompt ..\..\Sources\External\Yaml\api.c ..\..\Sources\External\Yaml\dumper.c ..\..\Sources\External\Yaml\emitter.c ..\..\Sources\External\Yaml\loader.c ..\..\Sources\External\Yaml\parser.c ..\..\Sources\External\Yaml\reader.c ..\..\Sources\External\Yaml\scanner.c ..\..\Sources\External\Yaml\writer.c
  api.c
  dumper.c
  emitter.c
  loader.c
  parser.c
  reader.c
  scanner.c
  writer.c
  Generating Code...
C:\Program Files\MSBuild\Microsoft.Cpp\v4.0\Microsoft.CppBuild.targets(1151,5): warning MSB8012: TargetPath(z:\Projects\dava.clockmaster\Debug\Win32Framework.lib) does not match the Library's OutputFile property value (z:\Projects\dava.framework\Projects\Win32Framework\Debug\Win32Framework.lib). This may cause your project to build incorrectly. To correct this, please make sure that $(OutDir), $(TargetName) and $(TargetExt) property values match the value specified in %(Lib.OutputFile).
Lib:
  C:\Program Files\Microsoft Visual Studio 10.0\VC\bin\Lib.exe /OUT:"z:\Projects\dava.framework\Projects\Win32Framework\\Debug\Win32Framework.lib" freetype246MT_D.lib libpngd.lib zlibd.lib opengl32.lib glew32.lib d3d9.lib dxerr.lib libogg_static_d.lib libvorbis_static_d.lib libvorbisfile_static_d.lib OpenAL32.lib /LIBPATH:./../../Libs/freetype/lib /LIBPATH:./../../Libs/libpng/lib /LIBPATH:./../../Libs/glew/lib /LIBPATH:"C:\Program Files\Microsoft DirectX SDK (June 2010)\/lib/x86" /LIBPATH:./../../Libs/oggvorbis/lib/ /LIBPATH:"C:\Program Files\OpenAL 1.1 SDK\libs\Win32" /LIBPATH:"C:\Program Files (x86)\OpenAL 1.1 SDK\libs\Win32" /NOLOGO Debug\b2BroadPhase.obj
  Debug\b2CollideCircle.obj
  Debug\b2CollideEdge.obj
  Debug\b2CollidePolygon.obj
  Debug\b2Collision.obj
  Debug\b2Distance.obj
  Debug\b2DynamicTree.obj
  Debug\b2TimeOfImpact.obj
  Debug\b2ChainShape.obj
  Debug\b2CircleShape.obj
  Debug\b2EdgeShape.obj
  Debug\b2PolygonShape.obj
  Debug\b2BlockAllocator.obj
  Debug\b2Math.obj
  Debug\b2Settings.obj
  Debug\b2StackAllocator.obj
  Debug\b2Body.obj
  Debug\b2ContactManager.obj
  Debug\b2Fixture.obj
  Debug\b2Island.obj
  Debug\b2World.obj
  Debug\b2WorldCallbacks.obj
  Debug\b2ChainAndCircleContact.obj
  Debug\b2ChainAndPolygonContact.obj
  Debug\b2CircleContact.obj
  Debug\b2Contact.obj
  Debug\b2ContactSolver.obj
  Debug\b2EdgeAndCircleContact.obj
  Debug\b2EdgeAndPolygonContact.obj
  Debug\b2PolygonAndCircleContact.obj
  Debug\b2PolygonContact.obj
  Debug\b2DistanceJoint.obj
  Debug\b2FrictionJoint.obj
  Debug\b2GearJoint.obj
  Debug\b2Joint.obj
  Debug\b2MouseJoint.obj
  Debug\b2PrismaticJoint.obj
  Debug\b2PulleyJoint.obj
  Debug\b2RevoluteJoint.obj
  Debug\b2RopeJoint.obj
  Debug\b2WeldJoint.obj
  Debug\b2WheelJoint.obj
  Debug\api.obj
  Debug\dumper.obj
  Debug\emitter.obj
  Debug\loader.obj
  Debug\parser.obj
  Debug\reader.obj
  Debug\scanner.obj
  Debug\writer.obj
  Debug\Data.obj
  Debug\DAVAEngine.obj
  Debug\AnimatedObject.obj
  Debug\Animation.obj
  Debug\AnimationManager.obj
  Debug\BezierSplineAnimation.obj
  Debug\Interpolation.obj
  Debug\KeyframeAnimation.obj
  Debug\LinearAnimation.obj
  Debug\BaseMath.obj
  Debug\BaseObjectChecker.obj
  Debug\DynamicObjectCache.obj
  Debug\EventDispatcher.obj
  Debug\Message.obj
  Debug\ObjectFactory.obj
  Debug\CollisionObject2.obj
  Debug\CollisionPolygons.obj
  Debug\Collisions.obj
  Debug\ApplicationCore.obj
  Debug\Core.obj
  Debug\CoreMacOS.obj
  Debug\CoreMacOS_CarbonWindow.obj
  Debug\CoreMacOS_OpenGL.obj
  Debug\MemoryManager.obj
  Debug\Replay.obj
  Debug\Bitstream.obj
  Debug\DynamicMemoryFile.obj
  Debug\File.obj
  Debug\FileList.obj
  Debug\FileSystem.obj
  Debug\KeyedArchive.obj
  Debug\KeyedArchiver.obj
  Debug\KeyedUnarchiver.obj
  Debug\LocalizationSystem.obj
  Debug\Logger.obj
  Debug\ResourceArchive.obj
  Debug\VariantType.obj
  Debug\YamlArchive.obj
  Debug\YamlParser.obj
  Debug\Accelerometer.obj
  Debug\AABBox2.obj
  Debug\AABBox3.obj
  Debug\BezierSpline.obj
  Debug\Math2D.obj
  Debug\Matrix4.obj
  Debug\Polygon2.obj
  Debug\Polygon3.obj
  Debug\Spline.obj
  Debug\NetworkConnection.obj
  Debug\NetworkDelegate.obj
  Debug\NetworkPacket.obj
  Debug\Particle.obj
  Debug\ParticleEmitter.obj
  Debug\ParticleEmitterObject.obj
  Debug\ParticleLayer.obj
  Debug\ParticlePropertyLine.obj
  Debug\ParticleSystem.obj
  Debug\Mutex.obj
  Debug\SystemTimer.obj
  Debug\Thread.obj
  Debug\ThreadWin32.obj
  Debug\CorePlatformMacOS.obj
  Debug\CorePlatformWin32.obj
  Debug\CursorWin32.obj
  Debug\D3D9Helpers.obj
  Debug\DynamicIndexBuffer.obj
  Debug\DynamicVertexBuffer.obj
  Debug\ColorOnlyEffect.obj
  Debug\MultiTextureEffect.obj
  Debug\TextureMulColorAlphaTestEffect.obj
  Debug\TextureMulColorEffect.obj
  Debug\Image.obj
  Debug\LibPngHelpers.obj
  Debug\Material.obj
  Debug\RenderBase.obj
  Debug\RenderDataObject.obj
  Debug\RenderEffect.obj
  Debug\RenderGrayscaleEffect.obj
  Debug\RenderHelper.obj
  Debug\RenderManager.obj
  Debug\RenderManagerDX.obj
  Debug\RenderManagerFactory.obj
  Debug\RenderManagerGL.obj
  Debug\RenderManagerGL20.obj
  Debug\RenderResource.obj
  Debug\RenderStateBlock.obj
  Debug\Shader.obj
  Debug\ShaderDX.obj
  Debug\ShaderGL.obj
  Debug\StaticIndexBuffer.obj
  Debug\StaticVertexBuffer.obj
  Debug\Texture.obj
  Debug\TextureDX9.obj
  Debug\Font.obj
  Debug\FontManager.obj
  Debug\FTFont.obj
  Debug\GraphicsFont.obj
  Debug\Sprite.obj
  Debug\TextBlock.obj
  Debug\AnimatedMesh.obj
  Debug\PolygonGroup.obj
  Debug\StaticMesh.obj
  Debug\UberShader.obj
  Debug\Box2DDebugDraw.obj
  Debug\Box2DGameObject.obj
  Debug\Box2DGameObjectManager.obj
  Debug\Box2DHelper.obj
  Debug\Box2DTileCollider.obj
  Debug\GameObject.obj
  Debug\GameObjectAnimations.obj
  Debug\GameObjectManager.obj
  Debug\TextGameObject.obj
  Debug\BoneNode.obj
  Debug\Camera.obj
  Debug\Frustum.obj
  Debug\LandscapeNode.obj
  Debug\MeshInstanceNode.obj
  Debug\PathManip.obj
  Debug\RotatingCubeNode.obj
  Debug\Scene.obj
  Debug\SceneAnimationMixer.obj
  Debug\SceneFile.obj
  Debug\SceneNode.obj
  Debug\SceneNode3d.obj
  Debug\SceneNodeAnimation.obj
  Debug\SceneNodeAnimationKey.obj
  Debug\SceneNodeAnimationList.obj
  Debug\SkeletonNode.obj
  Debug\SpriteNode.obj
  Debug\Sound.obj
  Debug\SoundBuffer.obj
  Debug\SoundChannel.obj
  Debug\SoundDataProvider.obj
  Debug\SoundGroup.obj
  Debug\SoundInstance.obj
  Debug\SoundOVProvider.obj
  Debug\SoundSystem.obj
  Debug\SoundWVProvider.obj
  Debug\ScrollHelper.obj
  Debug\UI3DView.obj
  Debug\UIButton.obj
  Debug\UIControl.obj
  Debug\UIControlBackground.obj
  Debug\UIControlSystem.obj
  Debug\UIEvent.obj
  Debug\UIFadeTransition.obj
  Debug\UIFileSystemDialog.obj
  Debug\UIHierarchy.obj
  Debug\UIHierarchyCell.obj
  Debug\UIHierarchyNode.obj
  Debug\UIHoleTransition.obj
  Debug\UIJoypad.obj
  Debug\UIList.obj
  Debug\UIListCell.obj
  Debug\UILoadingTransition.obj
  Debug\UIMoveInTransition.obj
  Debug\UIPopup.obj
  Debug\UIScreen.obj
  Debug\UIScreenManagerMacOS.obj
  Debug\UIScreenTransition.obj
  Debug\UIScrollBar.obj
  Debug\UISlider.obj
  Debug\UIStaticText.obj
  Debug\UITextField.obj
  Debug\UIYamlLoader.obj
  Debug\MD5.obj
  Debug\StringFormat.obj
  Debug\UTF8Utils.obj
  Debug\Utils.obj /VERBOSE:LIB   
glew32.lib(glew32.dll) : warning LNK4006: __NULL_IMPORT_DESCRIPTOR already defined in opengl32.lib(OPENGL32.dll); second definition ignored
glew32.lib(glew32.dll) : warning LNK4221: This object file does not define any previously undefined public symbols, so it will not be used by any link operation that consumes this library
d3d9.lib(d3d9.dll) : warning LNK4006: __NULL_IMPORT_DESCRIPTOR already defined in opengl32.lib(OPENGL32.dll); second definition ignored
d3d9.lib(d3d9.dll) : warning LNK4221: This object file does not define any previously undefined public symbols, so it will not be used by any link operation that consumes this library
OpenAL32.lib(OpenAL32.dll) : warning LNK4006: __NULL_IMPORT_DESCRIPTOR already defined in opengl32.lib(OPENGL32.dll); second definition ignored
OpenAL32.lib(OpenAL32.dll) : warning LNK4221: This object file does not define any previously undefined public symbols, so it will not be used by any link operation that consumes this library
UIEvent.obj : warning LNK4221: This object file does not define any previously undefined public symbols, so it will not be used by any link operation that consumes this library
TextureDX9.obj : warning LNK4221: This object file does not define any previously undefined public symbols, so it will not be used by any link operation that consumes this library
StaticVertexBuffer.obj : warning LNK4221: This object file does not define any previously undefined public symbols, so it will not be used by any link operation that consumes this library
StaticIndexBuffer.obj : warning LNK4221: This object file does not define any previously undefined public symbols, so it will not be used by any link operation that consumes this library
ShaderDX.obj : warning LNK4221: This object file does not define any previously undefined public symbols, so it will not be used by any link operation that consumes this library
RenderManagerDX.obj : warning LNK4221: This object file does not define any previously undefined public symbols, so it will not be used by any link operation that consumes this library
DynamicVertexBuffer.obj : warning LNK4221: This object file does not define any previously undefined public symbols, so it will not be used by any link operation that consumes this library
DynamicIndexBuffer.obj : warning LNK4221: This object file does not define any previously undefined public symbols, so it will not be used by any link operation that consumes this library
D3D9Helpers.obj : warning LNK4221: This object file does not define any previously undefined public symbols, so it will not be used by any link operation that consumes this library
CursorWin32.obj : warning LNK4221: This object file does not define any previously undefined public symbols, so it will not be used by any link operation that consumes this library
CorePlatformMacOS.obj : warning LNK4221: This object file does not define any previously undefined public symbols, so it will not be used by any link operation that consumes this library
NetworkDelegate.obj : warning LNK4221: This object file does not define any previously undefined public symbols, so it will not be used by any link operation that consumes this library
MemoryManager.obj : warning LNK4221: This object file does not define any previously undefined public symbols, so it will not be used by any link operation that consumes this library
CoreMacOS_CarbonWindow.obj : warning LNK4221: This object file does not define any previously undefined public symbols, so it will not be used by any link operation that consumes this library
CoreMacOS.obj : warning LNK4221: This object file does not define any previously undefined public symbols, so it will not be used by any link operation that consumes this library
Message.obj : warning LNK4221: This object file does not define any previously undefined public symbols, so it will not be used by any link operation that consumes this library
DynamicObjectCache.obj : warning LNK4221: This object file does not define any previously undefined public symbols, so it will not be used by any link operation that consumes this library
BaseObjectChecker.obj : warning LNK4221: This object file does not define any previously undefined public symbols, so it will not be used by any link operation that consumes this library
BaseMath.obj : warning LNK4221: This object file does not define any previously undefined public symbols, so it will not be used by any link operation that consumes this library
  Win32Framework.vcxproj -> z:\Projects\dava.clockmaster\Debug\Win32Framework.lib
FinalizeBuildStatus:
  Deleting file "Debug\Win32Framework.unsuccessfulbuild".
  Touching "Debug\Win32Framework.lastbuildstate".
Done Building Project "z:\Projects\dava.framework\Projects\Win32Framework\Win32Framework.vcxproj" (build target(s)).

Build succeeded.

Time Elapsed 00:16:10.57
